[2018-08-29T21:49:41.058] [INFO] resLogger - 
*************** response log start ***************
request method: GET
request originalUrl:  /
request client ip:  ::1
request query:  {}
response time: 688
response status: 200
response body: 
"<h1>Index</h1>\n    <form action=\"/signin\" method=\"post\">\n        <p>Name: <input name=\"name\" value=\"koa\"></p>\n        <p>Password: <input name=\"password\" type=\"password\"></p>\n        <p><input type=\"submit\" value=\"Submit\"></p>\n    </form>"
*************** response log end ***************

[2018-08-29T21:49:41.236] [INFO] resLogger - 
*************** response log start ***************
request method: GET
request originalUrl:  /favicon.ico
request client ip:  ::1
request query:  {}
response time: 2
response status: 404
response body: 
undefined
*************** response log end ***************

[2018-08-29T21:50:18.947] [INFO] resLogger - 
*************** response log start ***************
request method: GET
request originalUrl:  /ccc
request client ip:  ::1
request query:  {}
response time: 2
response status: 404
response body: 
undefined
*************** response log end ***************

[2018-08-29T21:50:38.869] [INFO] resLogger - 
*************** response log start ***************
request method: GET
request originalUrl:  /json
request client ip:  ::1
request query:  {}
response time: 2
response status: 200
response body: 
{"title":"koa2 json"}
*************** response log end ***************

[2018-08-29T21:53:27.929] [INFO] resLogger - 
*************** response log start ***************
request method: POST
request originalUrl:  /json
request client ip:  ::ffff:192.168.2.228
request body: 
{}
response time: 1
response status: 404
response body: 
undefined
*************** response log end ***************

