[2018-07-23T17:40:30.426] [INFO] resLogger - 
*************** response log start ***************
request method: GET
request originalUrl:  /robots.txt
request client ip:  ::1
request query:  {}
response time: 4
response status: 200
response body: 
"<h1>Hello, koa2!</h1>"
*************** response log end ***************

[2018-07-23T17:40:32.956] [INFO] resLogger - 
*************** response log start ***************
request method: GET
request originalUrl:  /
request client ip:  ::1
request query:  {}
response time: 2880
response status: 200
response body: 
"<!DOCTYPE html><html><head><title>Hello Koa 2!</title><link rel=\"stylesheet\" href=\"/stylesheets/style.css\"></head><body><h1>Hello Koa 2!</h1><p>Welcome to Hello Koa 2!</p></body></html>"
*************** response log end ***************

[2018-07-23T17:40:32.975] [INFO] resLogger - 
*************** response log start ***************
request method: GET
request originalUrl:  /stylesheets/style.css
request client ip:  ::1
request query:  {}
response time: 3
response status: 200
response body: 
{"_readableState":{"objectMode":false,"highWaterMark":65536,"buffer":{"head":null,"tail":null,"length":0},"length":0,"pipes":null,"pipesCount":0,"flowing":null,"ended":false,"endEmitted":false,"reading":false,"sync":true,"needReadable":false,"emittedReadable":false,"readableListening":false,"resumeScheduled":false,"destroyed":false,"defaultEncoding":"utf8","awaitDrain":0,"readingMore":false,"decoder":null,"encoding":null},"readable":true,"domain":null,"_events":{},"_eventsCount":2,"path":"D:\\workspace\\koa\\public\\stylesheets\\style.css","fd":null,"flags":"r","mode":438,"start":0,"end":null,"autoClose":true,"pos":0,"bytesRead":0}
*************** response log end ***************

[2018-07-23T17:40:35.213] [INFO] resLogger - 
*************** response log start ***************
request method: GET
request originalUrl:  /
request client ip:  ::1
request query:  {}
response time: 10
response status: 200
response body: 
"<!DOCTYPE html><html><head><title>Hello Koa 2!</title><link rel=\"stylesheet\" href=\"/stylesheets/style.css\"></head><body><h1>Hello Koa 2!</h1><p>Welcome to Hello Koa 2!</p></body></html>"
*************** response log end ***************

[2018-07-23T17:40:35.227] [INFO] resLogger - 
*************** response log start ***************
request method: GET
request originalUrl:  /stylesheets/style.css
request client ip:  ::1
request query:  {}
response time: 1
response status: 200
response body: 
{"_readableState":{"objectMode":false,"highWaterMark":65536,"buffer":{"head":null,"tail":null,"length":0},"length":0,"pipes":null,"pipesCount":0,"flowing":null,"ended":false,"endEmitted":false,"reading":false,"sync":true,"needReadable":false,"emittedReadable":false,"readableListening":false,"resumeScheduled":false,"destroyed":false,"defaultEncoding":"utf8","awaitDrain":0,"readingMore":false,"decoder":null,"encoding":null},"readable":true,"domain":null,"_events":{},"_eventsCount":2,"path":"D:\\workspace\\koa\\public\\stylesheets\\style.css","fd":null,"flags":"r","mode":438,"start":0,"end":null,"autoClose":true,"pos":0,"bytesRead":0}
*************** response log end ***************

[2018-07-23T17:41:18.062] [INFO] resLogger - 
*************** response log start ***************
request method: GET
request originalUrl:  /stylesheets/style.css
request client ip:  ::1
request query:  {}
response time: 1
response status: 200
response body: 
{"_readableState":{"objectMode":false,"highWaterMark":65536,"buffer":{"head":null,"tail":null,"length":0},"length":0,"pipes":null,"pipesCount":0,"flowing":null,"ended":false,"endEmitted":false,"reading":false,"sync":true,"needReadable":false,"emittedReadable":false,"readableListening":false,"resumeScheduled":false,"destroyed":false,"defaultEncoding":"utf8","awaitDrain":0,"readingMore":false,"decoder":null,"encoding":null},"readable":true,"domain":null,"_events":{},"_eventsCount":2,"path":"D:\\workspace\\koa\\public\\stylesheets\\style.css","fd":null,"flags":"r","mode":438,"start":0,"end":null,"autoClose":true,"pos":0,"bytesRead":0}
*************** response log end ***************

[2018-07-23T17:41:27.924] [INFO] resLogger - 
*************** response log start ***************
request method: GET
request originalUrl:  /
request client ip:  ::1
request query:  {}
response time: 16
response status: 200
response body: 
"<!DOCTYPE html><html><head><title>Hello Koa 2!</title><link rel=\"stylesheet\" href=\"/stylesheets/style.css\"></head><body><h1>Hello Koa 2!</h1><p>Welcome to Hello Koa 2!</p></body></html>"
*************** response log end ***************

[2018-07-23T17:41:27.947] [INFO] resLogger - 
*************** response log start ***************
request method: GET
request originalUrl:  /stylesheets/style.css
request client ip:  ::1
request query:  {}
response time: 3
response status: 200
response body: 
{"_readableState":{"objectMode":false,"highWaterMark":65536,"buffer":{"head":null,"tail":null,"length":0},"length":0,"pipes":null,"pipesCount":0,"flowing":null,"ended":false,"endEmitted":false,"reading":false,"sync":true,"needReadable":false,"emittedReadable":false,"readableListening":false,"resumeScheduled":false,"destroyed":false,"defaultEncoding":"utf8","awaitDrain":0,"readingMore":false,"decoder":null,"encoding":null},"readable":true,"domain":null,"_events":{},"_eventsCount":2,"path":"D:\\workspace\\koa\\public\\stylesheets\\style.css","fd":null,"flags":"r","mode":438,"start":0,"end":null,"autoClose":true,"pos":0,"bytesRead":0}
*************** response log end ***************

[2018-07-23T17:42:19.488] [INFO] resLogger - 
*************** response log start ***************
request method: GET
request originalUrl:  /
request client ip:  ::1
request query:  {}
response time: 447
response status: 200
response body: 
"<!DOCTYPE html><html><head><title>Hello Koa 2!</title><link rel=\"stylesheet\" href=\"/stylesheets/style.css\"></head><body><h1>Hello Koa 2!</h1><p>Welcome to Hello Koa 2!</p></body></html>"
*************** response log end ***************

[2018-07-23T17:42:19.510] [INFO] resLogger - 
*************** response log start ***************
request method: GET
request originalUrl:  /stylesheets/style.css
request client ip:  ::1
request query:  {}
response time: 3
response status: 200
response body: 
{"_readableState":{"objectMode":false,"highWaterMark":65536,"buffer":{"head":null,"tail":null,"length":0},"length":0,"pipes":null,"pipesCount":0,"flowing":null,"ended":false,"endEmitted":false,"reading":false,"sync":true,"needReadable":false,"emittedReadable":false,"readableListening":false,"resumeScheduled":false,"destroyed":false,"defaultEncoding":"utf8","awaitDrain":0,"readingMore":false,"decoder":null,"encoding":null},"readable":true,"domain":null,"_events":{},"_eventsCount":2,"path":"D:\\workspace\\koa\\public\\stylesheets\\style.css","fd":null,"flags":"r","mode":438,"start":0,"end":null,"autoClose":true,"pos":0,"bytesRead":0}
*************** response log end ***************

[2018-07-23T17:42:22.460] [INFO] resLogger - 
*************** response log start ***************
request method: GET
request originalUrl:  /
request client ip:  ::1
request query:  {}
response time: 16
response status: 200
response body: 
"<!DOCTYPE html><html><head><title>Hello Koa 2!</title><link rel=\"stylesheet\" href=\"/stylesheets/style.css\"></head><body><h1>Hello Koa 2!</h1><p>Welcome to Hello Koa 2!</p></body></html>"
*************** response log end ***************

[2018-07-23T17:42:22.480] [INFO] resLogger - 
*************** response log start ***************
request method: GET
request originalUrl:  /stylesheets/style.css
request client ip:  ::1
request query:  {}
response time: 1
response status: 200
response body: 
{"_readableState":{"objectMode":false,"highWaterMark":65536,"buffer":{"head":null,"tail":null,"length":0},"length":0,"pipes":null,"pipesCount":0,"flowing":null,"ended":false,"endEmitted":false,"reading":false,"sync":true,"needReadable":false,"emittedReadable":false,"readableListening":false,"resumeScheduled":false,"destroyed":false,"defaultEncoding":"utf8","awaitDrain":0,"readingMore":false,"decoder":null,"encoding":null},"readable":true,"domain":null,"_events":{},"_eventsCount":2,"path":"D:\\workspace\\koa\\public\\stylesheets\\style.css","fd":null,"flags":"r","mode":438,"start":0,"end":null,"autoClose":true,"pos":0,"bytesRead":0}
*************** response log end ***************

[2018-07-23T17:42:31.147] [INFO] resLogger - 
*************** response log start ***************
request method: GET
request originalUrl:  /
request client ip:  ::1
request query:  {}
response time: 21
response status: 200
response body: 
"<!DOCTYPE html><html><head><title>Hello Koa 2!</title><link rel=\"stylesheet\" href=\"/stylesheets/style.css\"></head><body><h1>Hello Koa 2!</h1><p>Welcome to Hello Koa 2!</p></body></html>"
*************** response log end ***************

[2018-07-23T17:42:31.176] [INFO] resLogger - 
*************** response log start ***************
request method: GET
request originalUrl:  /stylesheets/style.css
request client ip:  ::1
request query:  {}
response time: 2
response status: 200
response body: 
{"_readableState":{"objectMode":false,"highWaterMark":65536,"buffer":{"head":null,"tail":null,"length":0},"length":0,"pipes":null,"pipesCount":0,"flowing":null,"ended":false,"endEmitted":false,"reading":false,"sync":true,"needReadable":false,"emittedReadable":false,"readableListening":false,"resumeScheduled":false,"destroyed":false,"defaultEncoding":"utf8","awaitDrain":0,"readingMore":false,"decoder":null,"encoding":null},"readable":true,"domain":null,"_events":{},"_eventsCount":2,"path":"D:\\workspace\\koa\\public\\stylesheets\\style.css","fd":null,"flags":"r","mode":438,"start":0,"end":null,"autoClose":true,"pos":0,"bytesRead":0}
*************** response log end ***************

[2018-07-23T17:44:13.230] [INFO] resLogger - 
*************** response log start ***************
request method: GET
request originalUrl:  /
request client ip:  ::1
request query:  {}
response time: 581
response status: 200
response body: 
"<!DOCTYPE html><html><head><title>Hello Koa 2!</title><link rel=\"stylesheet\" href=\"/stylesheets/style.css\"></head><body><h1>Hello Koa 2!</h1><p>Welcome to Hello Koa 2!</p></body></html>"
*************** response log end ***************

[2018-07-23T17:44:13.249] [INFO] resLogger - 
*************** response log start ***************
request method: GET
request originalUrl:  /stylesheets/style.css
request client ip:  ::1
request query:  {}
response time: 3
response status: 200
response body: 
{"_readableState":{"objectMode":false,"highWaterMark":65536,"buffer":{"head":null,"tail":null,"length":0},"length":0,"pipes":null,"pipesCount":0,"flowing":null,"ended":false,"endEmitted":false,"reading":false,"sync":true,"needReadable":false,"emittedReadable":false,"readableListening":false,"resumeScheduled":false,"destroyed":false,"defaultEncoding":"utf8","awaitDrain":0,"readingMore":false,"decoder":null,"encoding":null},"readable":true,"domain":null,"_events":{},"_eventsCount":2,"path":"D:\\workspace\\koa\\public\\stylesheets\\style.css","fd":null,"flags":"r","mode":438,"start":0,"end":null,"autoClose":true,"pos":0,"bytesRead":0}
*************** response log end ***************

[2018-07-23T17:45:06.717] [INFO] resLogger - 
*************** response log start ***************
request method: GET
request originalUrl:  /
request client ip:  ::1
request query:  {}
response time: 23
response status: 200
response body: 
"<!DOCTYPE html><html><head><title>Hello Koa 2!</title><link rel=\"stylesheet\" href=\"/stylesheets/style.css\"></head><body><h1>Hello Koa 2!</h1><p>Welcome to Hello Koa 2!</p></body></html>"
*************** response log end ***************

[2018-07-23T17:45:06.739] [INFO] resLogger - 
*************** response log start ***************
request method: GET
request originalUrl:  /stylesheets/style.css
request client ip:  ::1
request query:  {}
response time: 2
response status: 200
response body: 
{"_readableState":{"objectMode":false,"highWaterMark":65536,"buffer":{"head":null,"tail":null,"length":0},"length":0,"pipes":null,"pipesCount":0,"flowing":null,"ended":false,"endEmitted":false,"reading":false,"sync":true,"needReadable":false,"emittedReadable":false,"readableListening":false,"resumeScheduled":false,"destroyed":false,"defaultEncoding":"utf8","awaitDrain":0,"readingMore":false,"decoder":null,"encoding":null},"readable":true,"domain":null,"_events":{},"_eventsCount":2,"path":"D:\\workspace\\koa\\public\\stylesheets\\style.css","fd":null,"flags":"r","mode":438,"start":0,"end":null,"autoClose":true,"pos":0,"bytesRead":0}
*************** response log end ***************

[2018-07-23T17:45:07.928] [INFO] resLogger - 
*************** response log start ***************
request method: GET
request originalUrl:  /
request client ip:  ::1
request query:  {}
response time: 14
response status: 200
response body: 
"<!DOCTYPE html><html><head><title>Hello Koa 2!</title><link rel=\"stylesheet\" href=\"/stylesheets/style.css\"></head><body><h1>Hello Koa 2!</h1><p>Welcome to Hello Koa 2!</p></body></html>"
*************** response log end ***************

[2018-07-23T17:45:07.947] [INFO] resLogger - 
*************** response log start ***************
request method: GET
request originalUrl:  /stylesheets/style.css
request client ip:  ::1
request query:  {}
response time: 1
response status: 200
response body: 
{"_readableState":{"objectMode":false,"highWaterMark":65536,"buffer":{"head":null,"tail":null,"length":0},"length":0,"pipes":null,"pipesCount":0,"flowing":null,"ended":false,"endEmitted":false,"reading":false,"sync":true,"needReadable":false,"emittedReadable":false,"readableListening":false,"resumeScheduled":false,"destroyed":false,"defaultEncoding":"utf8","awaitDrain":0,"readingMore":false,"decoder":null,"encoding":null},"readable":true,"domain":null,"_events":{},"_eventsCount":2,"path":"D:\\workspace\\koa\\public\\stylesheets\\style.css","fd":null,"flags":"r","mode":438,"start":0,"end":null,"autoClose":true,"pos":0,"bytesRead":0}
*************** response log end ***************

[2018-07-23T17:45:08.575] [INFO] resLogger - 
*************** response log start ***************
request method: GET
request originalUrl:  /
request client ip:  ::1
request query:  {}
response time: 13
response status: 200
response body: 
"<!DOCTYPE html><html><head><title>Hello Koa 2!</title><link rel=\"stylesheet\" href=\"/stylesheets/style.css\"></head><body><h1>Hello Koa 2!</h1><p>Welcome to Hello Koa 2!</p></body></html>"
*************** response log end ***************

[2018-07-23T17:45:08.596] [INFO] resLogger - 
*************** response log start ***************
request method: GET
request originalUrl:  /stylesheets/style.css
request client ip:  ::1
request query:  {}
response time: 1
response status: 200
response body: 
{"_readableState":{"objectMode":false,"highWaterMark":65536,"buffer":{"head":null,"tail":null,"length":0},"length":0,"pipes":null,"pipesCount":0,"flowing":null,"ended":false,"endEmitted":false,"reading":false,"sync":true,"needReadable":false,"emittedReadable":false,"readableListening":false,"resumeScheduled":false,"destroyed":false,"defaultEncoding":"utf8","awaitDrain":0,"readingMore":false,"decoder":null,"encoding":null},"readable":true,"domain":null,"_events":{},"_eventsCount":2,"path":"D:\\workspace\\koa\\public\\stylesheets\\style.css","fd":null,"flags":"r","mode":438,"start":0,"end":null,"autoClose":true,"pos":0,"bytesRead":0}
*************** response log end ***************

[2018-07-23T17:45:09.151] [INFO] resLogger - 
*************** response log start ***************
request method: GET
request originalUrl:  /
request client ip:  ::1
request query:  {}
response time: 15
response status: 200
response body: 
"<!DOCTYPE html><html><head><title>Hello Koa 2!</title><link rel=\"stylesheet\" href=\"/stylesheets/style.css\"></head><body><h1>Hello Koa 2!</h1><p>Welcome to Hello Koa 2!</p></body></html>"
*************** response log end ***************

[2018-07-23T17:45:09.178] [INFO] resLogger - 
*************** response log start ***************
request method: GET
request originalUrl:  /stylesheets/style.css
request client ip:  ::1
request query:  {}
response time: 1
response status: 200
response body: 
{"_readableState":{"objectMode":false,"highWaterMark":65536,"buffer":{"head":null,"tail":null,"length":0},"length":0,"pipes":null,"pipesCount":0,"flowing":null,"ended":false,"endEmitted":false,"reading":false,"sync":true,"needReadable":false,"emittedReadable":false,"readableListening":false,"resumeScheduled":false,"destroyed":false,"defaultEncoding":"utf8","awaitDrain":0,"readingMore":false,"decoder":null,"encoding":null},"readable":true,"domain":null,"_events":{},"_eventsCount":2,"path":"D:\\workspace\\koa\\public\\stylesheets\\style.css","fd":null,"flags":"r","mode":438,"start":0,"end":null,"autoClose":true,"pos":0,"bytesRead":0}
*************** response log end ***************

[2018-07-23T17:45:46.891] [INFO] resLogger - 
*************** response log start ***************
request method: GET
request originalUrl:  /
request client ip:  ::1
request query:  {}
response time: 10
response status: 200
response body: 
"<!DOCTYPE html><html><head><title>Hello Koa 2!</title><link rel=\"stylesheet\" href=\"/stylesheets/style.css\"></head><body><h1>Hello Koa 2!</h1><p>Welcome to Hello Koa 2!</p></body></html>"
*************** response log end ***************

[2018-07-23T17:45:46.910] [INFO] resLogger - 
*************** response log start ***************
request method: GET
request originalUrl:  /stylesheets/style.css
request client ip:  ::1
request query:  {}
response time: 1
response status: 200
response body: 
{"_readableState":{"objectMode":false,"highWaterMark":65536,"buffer":{"head":null,"tail":null,"length":0},"length":0,"pipes":null,"pipesCount":0,"flowing":null,"ended":false,"endEmitted":false,"reading":false,"sync":true,"needReadable":false,"emittedReadable":false,"readableListening":false,"resumeScheduled":false,"destroyed":false,"defaultEncoding":"utf8","awaitDrain":0,"readingMore":false,"decoder":null,"encoding":null},"readable":true,"domain":null,"_events":{},"_eventsCount":2,"path":"D:\\workspace\\koa\\public\\stylesheets\\style.css","fd":null,"flags":"r","mode":438,"start":0,"end":null,"autoClose":true,"pos":0,"bytesRead":0}
*************** response log end ***************

[2018-07-23T17:45:48.077] [INFO] resLogger - 
*************** response log start ***************
request method: GET
request originalUrl:  /
request client ip:  ::1
request query:  {}
response time: 13
response status: 200
response body: 
"<!DOCTYPE html><html><head><title>Hello Koa 2!</title><link rel=\"stylesheet\" href=\"/stylesheets/style.css\"></head><body><h1>Hello Koa 2!</h1><p>Welcome to Hello Koa 2!</p></body></html>"
*************** response log end ***************

[2018-07-23T17:45:48.096] [INFO] resLogger - 
*************** response log start ***************
request method: GET
request originalUrl:  /stylesheets/style.css
request client ip:  ::1
request query:  {}
response time: 2
response status: 200
response body: 
{"_readableState":{"objectMode":false,"highWaterMark":65536,"buffer":{"head":null,"tail":null,"length":0},"length":0,"pipes":null,"pipesCount":0,"flowing":null,"ended":false,"endEmitted":false,"reading":false,"sync":true,"needReadable":false,"emittedReadable":false,"readableListening":false,"resumeScheduled":false,"destroyed":false,"defaultEncoding":"utf8","awaitDrain":0,"readingMore":false,"decoder":null,"encoding":null},"readable":true,"domain":null,"_events":{},"_eventsCount":2,"path":"D:\\workspace\\koa\\public\\stylesheets\\style.css","fd":null,"flags":"r","mode":438,"start":0,"end":null,"autoClose":true,"pos":0,"bytesRead":0}
*************** response log end ***************

[2018-07-23T17:45:48.841] [INFO] resLogger - 
*************** response log start ***************
request method: GET
request originalUrl:  /
request client ip:  ::1
request query:  {}
response time: 15
response status: 200
response body: 
"<!DOCTYPE html><html><head><title>Hello Koa 2!</title><link rel=\"stylesheet\" href=\"/stylesheets/style.css\"></head><body><h1>Hello Koa 2!</h1><p>Welcome to Hello Koa 2!</p></body></html>"
*************** response log end ***************

[2018-07-23T17:45:48.859] [INFO] resLogger - 
*************** response log start ***************
request method: GET
request originalUrl:  /stylesheets/style.css
request client ip:  ::1
request query:  {}
response time: 0
response status: 200
response body: 
{"_readableState":{"objectMode":false,"highWaterMark":65536,"buffer":{"head":null,"tail":null,"length":0},"length":0,"pipes":null,"pipesCount":0,"flowing":null,"ended":false,"endEmitted":false,"reading":false,"sync":true,"needReadable":false,"emittedReadable":false,"readableListening":false,"resumeScheduled":false,"destroyed":false,"defaultEncoding":"utf8","awaitDrain":0,"readingMore":false,"decoder":null,"encoding":null},"readable":true,"domain":null,"_events":{},"_eventsCount":2,"path":"D:\\workspace\\koa\\public\\stylesheets\\style.css","fd":null,"flags":"r","mode":438,"start":0,"end":null,"autoClose":true,"pos":0,"bytesRead":0}
*************** response log end ***************

