[2018-08-16T17:09:24.604] [INFO] resLogger - 
*************** response log start ***************
request method: GET
request originalUrl:  /
request client ip:  ::ffff:192.168.2.210
request query:  {}
response time: 106
response status: 200
response body: 
"<h1>Index</h1>\n    <form action=\"/signin\" method=\"post\">\n        <p>Name: <input name=\"name\" value=\"koa\"></p>\n        <p>Password: <input name=\"password\" type=\"password\"></p>\n        <p><input type=\"submit\" value=\"Submit\"></p>\n    </form>"
*************** response log end ***************

[2018-08-16T17:09:37.782] [INFO] resLogger - 
*************** response log start ***************
request method: GET
request originalUrl:  /string
request client ip:  ::ffff:192.168.2.210
request query:  {}
response time: 1
response status: 200
response body: 
{"aa":"koa2 string"}
*************** response log end ***************

[2018-08-16T17:10:08.822] [INFO] resLogger - 
*************** response log start ***************
request method: POST
request originalUrl:  /ccc
request client ip:  ::ffff:192.168.2.210
request body: 
{}
response time: 0
response status: 200
response body: 
{"data":{}}
*************** response log end ***************

[2018-08-16T17:11:01.410] [INFO] resLogger - 
*************** response log start ***************
request method: POST
request originalUrl:  /signin
request client ip:  ::ffff:192.168.2.210
request body: 
{"name":"koa","password":"123456"}
response time: 2
response status: 200
response body: 
{"code":"01","data":"","message":"success"}
*************** response log end ***************

[2018-08-16T17:11:10.888] [INFO] resLogger - 
*************** response log start ***************
request method: POST
request originalUrl:  /signin
request client ip:  ::ffff:192.168.2.210
request body: 
{"name":"koa","password":"12345"}
response time: 2
response status: 200
response body: 
{"code":"00","data":{"name":"koa","password":"12345"},"message":"success"}
*************** response log end ***************

