[2018-07-23T18:02:43.515] [INFO] resLogger - 
*************** response log start ***************
request method: GET
request originalUrl:  /
request client ip:  ::1
request query:  {}
response time: 13
response status: 200
response body: 
"<h1>Index</h1>\n    <form action=\"/signin\" method=\"post\">\n        <p>Name: <input name=\"name\" value=\"koa\"></p>\n        <p>Password: <input name=\"password\" type=\"password\"></p>\n        <p><input type=\"submit\" value=\"Submit\"></p>\n    </form>"
*************** response log end ***************

[2018-07-23T18:05:10.083] [INFO] resLogger - 
*************** response log start ***************
request method: GET
request originalUrl:  /
request client ip:  ::1
request query:  {}
response time: 7
response status: 200
response body: 
"<h1>Index</h1>\n    <form action=\"/signin\" method=\"post\">\n        <p>Name: <input name=\"name\" value=\"koa\"></p>\n        <p>Password: <input name=\"password\" type=\"password\"></p>\n        <p><input type=\"submit\" value=\"Submit\"></p>\n    </form>"
*************** response log end ***************

[2018-07-23T18:05:25.873] [INFO] resLogger - 
*************** response log start ***************
request method: POST
request originalUrl:  /signin
request client ip:  ::1
request body: 
{"name":"koa","password":"111111"}
response time: 1
response status: 200
response body: 
"<h1>Login failed!</h1>\n        <p><a href=\"/\">Try again</a></p>"
*************** response log end ***************

[2018-07-23T18:05:44.926] [INFO] resLogger - 
*************** response log start ***************
request method: POST
request originalUrl:  /signin
request client ip:  ::1
request body: 
{"name":"koa","password":"12345"}
response time: 2
response status: 200
response body: 
"<h1>Welcome, koa!</h1>"
*************** response log end ***************

[2018-07-23T18:07:01.687] [INFO] resLogger - 
*************** response log start ***************
request method: GET
request originalUrl:  /
request client ip:  ::1
request query:  {}
response time: 12
response status: 200
response body: 
"<h1>Index</h1>\n    <form action=\"/signin\" method=\"post\">\n        <p>Name: <input name=\"name\" value=\"koa\"></p>\n        <p>Password: <input name=\"password\" type=\"password\"></p>\n        <p><input type=\"submit\" value=\"Submit\"></p>\n    </form>"
*************** response log end ***************

[2018-07-23T18:07:05.908] [INFO] resLogger - 
*************** response log start ***************
request method: POST
request originalUrl:  /signin
request client ip:  ::1
request body: 
{"name":"koa","password":"12345"}
response time: 1
response status: 200
response body: 
{"data":{"name":"koa","password":"12345"}}
*************** response log end ***************

[2018-07-23T18:07:05.915] [INFO] resLogger - 
*************** response log start ***************
request method: GET
request originalUrl:  /robots.txt
request client ip:  ::1
request query:  {}
response time: 2
response status: 404
response body: 
undefined
*************** response log end ***************

[2018-07-23T18:07:54.743] [INFO] resLogger - 
*************** response log start ***************
request method: GET
request originalUrl:  /
request client ip:  ::1
request query:  {}
response time: 11
response status: 200
response body: 
"<h1>Index</h1>\n    <form action=\"/signin\" method=\"post\">\n        <p>Name: <input name=\"name\" value=\"koa\"></p>\n        <p>Password: <input name=\"password\" type=\"password\"></p>\n        <p><input type=\"submit\" value=\"Submit\"></p>\n    </form>"
*************** response log end ***************

[2018-07-23T18:08:00.259] [INFO] resLogger - 
*************** response log start ***************
request method: POST
request originalUrl:  /signin
request client ip:  ::1
request body: 
{"name":"koa","password":"12345"}
response time: 2
response status: 200
response body: 
{"code":"00","data":{"name":"koa","password":"12345"},"message":"success"}
*************** response log end ***************

[2018-07-23T18:08:43.813] [INFO] resLogger - 
*************** response log start ***************
request method: POST
request originalUrl:  /signin
request client ip:  ::1
request body: 
{"name":"koa","password":"11111"}
response time: 1
response status: 200
response body: 
"<h1>Login failed!</h1>\n        <p><a href=\"/\">Try again</a></p>"
*************** response log end ***************

[2018-07-23T18:09:01.170] [INFO] resLogger - 
*************** response log start ***************
request method: GET
request originalUrl:  /
request client ip:  ::1
request query:  {}
response time: 7
response status: 200
response body: 
"<h1>Index</h1>\n    <form action=\"/signin\" method=\"post\">\n        <p>Name: <input name=\"name\" value=\"koa\"></p>\n        <p>Password: <input name=\"password\" type=\"password\"></p>\n        <p><input type=\"submit\" value=\"Submit\"></p>\n    </form>"
*************** response log end ***************

[2018-07-23T18:09:05.318] [INFO] resLogger - 
*************** response log start ***************
request method: POST
request originalUrl:  /signin
request client ip:  ::1
request body: 
{"name":"koa","password":"11111"}
response time: 2
response status: 200
response body: 
{"code":"01","data":"","message":"success"}
*************** response log end ***************

[2018-07-23T18:09:25.707] [INFO] resLogger - 
*************** response log start ***************
request method: POST
request originalUrl:  /signin
request client ip:  ::1
request body: 
{"name":"koa","password":""}
response time: 2
response status: 200
response body: 
{"code":"01","data":"","message":"success"}
*************** response log end ***************

